{
  "stats": {
    "suites": 2,
    "tests": 3,
    "passes": 2,
    "pending": 0,
    "failures": 1,
    "start": "2022-08-28T22:44:43.437Z",
    "end": "2022-08-28T22:45:12.681Z",
    "duration": 29244,
    "testsRegistered": 3,
    "passPercent": 66.66666666666666,
    "pendingPercent": 0,
    "other": 0,
    "hasOther": false,
    "skipped": 0,
    "hasSkipped": false
  },
  "results": [
    {
      "uuid": "e2e054cf-78f7-4867-8791-90024c3c3336",
      "title": "",
      "fullFile": "",
      "file": "",
      "beforeHooks": [],
      "afterHooks": [],
      "tests": [],
      "suites": [
        {
          "uuid": "4bac95b1-e38f-4611-aa1d-ce0097ac7e57",
          "title": "add todo test",
          "fullFile": "C:\\qaninja\\seleniumDemo\\test\\firstTest.js",
          "file": "\\test\\firstTest.js",
          "beforeHooks": [],
          "afterHooks": [],
          "tests": [
            {
              "title": "successfully adds a todo to aplication",
              "fullTitle": "add todo test successfully adds a todo to aplication",
              "timedOut": null,
              "duration": 20886,
              "state": "passed",
              "speed": "slow",
              "pass": true,
              "fail": false,
              "pending": false,
              "context": null,
              "code": "// launch the browser\nlet driver = await new Builder().forBrowser(\"firefox\").build();\n\n//navigate to our application\nawait driver.get(\"https://lambdatest.github.io/sample-todo-app/\");\n\n//add a todo\nawait driver.findElement(By.id(\"sampletodotext\")).sendKeys(\"Learn Selenium\", Key.RETURN);\n\n// assert\nlet todoText = await driver.findElement(By.xpath(\"//li[last()]\")).getText().then(function (value) {\n  return value;\n});\n//assert using chai should\ntodoText.should.equal(\"Learn Selenium\");\n\n//close the browser\nawait driver.quit();",
              "err": {},
              "uuid": "64763098-a1a1-4f20-923c-3bb232cb52d0",
              "parentUUID": null,
              "isHook": false,
              "skipped": false
            }
          ],
          "suites": [],
          "passes": [
            "64763098-a1a1-4f20-923c-3bb232cb52d0"
          ],
          "failures": [],
          "pending": [],
          "skipped": [],
          "duration": 20886,
          "root": false,
          "rootEmpty": false,
          "_timeout": null
        },
        {
          "uuid": "d4c21774-133f-425b-b6ac-885c100a6b95",
          "title": "add another todo test",
          "fullFile": "C:\\qaninja\\seleniumDemo\\test\\secondTest.js",
          "file": "\\test\\secondTest.js",
          "beforeHooks": [],
          "afterHooks": [],
          "tests": [
            {
              "title": "successfully adds another todo to aplication",
              "fullTitle": "add another todo test successfully adds another todo to aplication",
              "timedOut": null,
              "duration": 20981,
              "state": "passed",
              "speed": "slow",
              "pass": true,
              "fail": false,
              "pending": false,
              "context": null,
              "code": "// launch the browser\nlet driver = await new Builder().forBrowser(\"firefox\").build();\n\n//navigate to our application\nawait driver.get(\"https://lambdatest.github.io/sample-todo-app/\");\n\n//add a todo\nawait driver.findElement(By.id(\"sampletodotext\")).sendKeys(\"Learn Selenium\", Key.RETURN);\n\n// assert\nlet todoText = await driver.findElement(By.xpath(\"//li[last()]\")).getText().then(function (value) {\n  return value;\n});\n//assert using chai should\ntodoText.should.equal(\"Learn Selenium\");\n\n//close the browser\nawait driver.quit();",
              "err": {},
              "uuid": "6c82f58f-4070-422c-aa26-7ff414ba709e",
              "parentUUID": null,
              "isHook": false,
              "skipped": false
            },
            {
              "title": "Adding a new test for reporting",
              "fullTitle": "add another todo test Adding a new test for reporting",
              "timedOut": null,
              "duration": 7769,
              "state": "failed",
              "speed": null,
              "pass": false,
              "fail": true,
              "pending": false,
              "context": null,
              "code": "// launch the browser\nlet driver = await new Builder().forBrowser(\"firefox\").build();\n\n//navigate to our application\nawait driver.get(\"https://lambdatest.github.io/sample-todo-app/\");\n\n//add a todo\nawait driver.findElement(By.id(\"sampletodotext\")).sendKeys(\"Learn Selenium\", Key.RETURN);\n\n// assert\nlet todoText = await driver.findElement(By.xpath(\"//li[last()]\")).getText().then(function (value) {\n  return value;\n});\n//assert using chai should\ntodoText.should.equal(\"Learn Javascript\");\n\n//close the browser\nawait driver.quit();",
              "err": {
                "message": "AssertionError: expected 'Learn Selenium' to equal 'Learn Javascript'",
                "estack": "AssertionError: expected 'Learn Selenium' to equal 'Learn Javascript'\n    at Context.<anonymous> (test\\secondTest.js:56:21)\n    at processTicksAndRejections (node:internal/process/task_queues:96:5)",
                "diff": "- Learn Selenium\n+ Learn Javascript\n"
              },
              "uuid": "789189ac-4c0a-4081-9884-dac38d6c2ed7",
              "parentUUID": null,
              "isHook": false,
              "skipped": false
            }
          ],
          "suites": [],
          "passes": [
            "6c82f58f-4070-422c-aa26-7ff414ba709e"
          ],
          "failures": [
            "789189ac-4c0a-4081-9884-dac38d6c2ed7"
          ],
          "pending": [],
          "skipped": [],
          "duration": 28750,
          "root": false,
          "rootEmpty": false,
          "_timeout": null
        }
      ],
      "passes": [],
      "failures": [],
      "pending": [],
      "skipped": [],
      "duration": 0,
      "root": true,
      "rootEmpty": true,
      "_timeout": 0
    }
  ],
  "meta": {
    "mocha": {
      "version": "10.0.0"
    },
    "mochawesome": {
      "options": {
        "quiet": false,
        "reportFilename": "mochawesome",
        "saveHtml": true,
        "saveJson": true,
        "consoleReporter": "spec",
        "useInlineDiffs": false,
        "code": true
      },
      "version": "7.1.3"
    },
    "marge": {
      "options": {
        "reportDir": "C:/qaninja/seleniumDemo/mochawesome-report"
      },
      "version": "6.2.0"
    }
  }
}